[debug] [2025-01-04T03:14:37.774Z] ----------------------------------------------------------------------
[debug] [2025-01-04T03:14:37.781Z] Command:       C:\Program Files\nodejs\node.exe C:\Users\Elías\AppData\Roaming\npm\node_modules\firebase-tools\lib\bin\firebase.js init
[debug] [2025-01-04T03:14:37.782Z] CLI Version:   13.29.1
[debug] [2025-01-04T03:14:37.782Z] Platform:      win32
[debug] [2025-01-04T03:14:37.783Z] Node Version:  v20.17.0
[debug] [2025-01-04T03:14:37.783Z] Time:          Sat Jan 04 2025 00:14:37 GMT-0300 (hora estándar de Argentina)
[debug] [2025-01-04T03:14:37.783Z] ----------------------------------------------------------------------
[debug] 
[debug] [2025-01-04T03:14:37.802Z] > command requires scopes: ["email","openid","https://www.googleapis.com/auth/cloudplatformprojects.readonly","https://www.googleapis.com/auth/firebase","https://www.googleapis.com/auth/cloud-platform"]
[debug] [2025-01-04T03:14:37.804Z] > authorizing via signed-in user (eleiva49@gmail.com)
[info] 
     ######## #### ########  ######## ########     ###     ######  ########
     ##        ##  ##     ## ##       ##     ##  ##   ##  ##       ##
     ######    ##  ########  ######   ########  #########  ######  ######
     ##        ##  ##    ##  ##       ##     ## ##     ##       ## ##
     ##       #### ##     ## ######## ########  ##     ##  ######  ########

You're about to initialize a Firebase project in this directory:

  C:\Users\Public\Documents\bendicional\app\src\main\res

Before we get started, keep in mind:

  * You are currently outside your home directory

[info] 
=== Project Setup
[info] 
[info] First, let's associate this project directory with a Firebase project.
[info] You can create multiple project aliases by running firebase use --add, 
[info] but for now we'll just set up a default project.
[info] 
[debug] [2025-01-04T03:15:15.290Z] Checked if tokens are valid: true, expires at: 1735963863633
[debug] [2025-01-04T03:15:15.291Z] Checked if tokens are valid: true, expires at: 1735963863633
[debug] [2025-01-04T03:15:15.296Z] >>> [apiv2][query] GET https://firebase.googleapis.com/v1beta1/projects pageSize=100
[debug] [2025-01-04T03:15:16.152Z] <<< [apiv2][status] GET https://firebase.googleapis.com/v1beta1/projects 200
[debug] [2025-01-04T03:15:16.153Z] <<< [apiv2][body] GET https://firebase.googleapis.com/v1beta1/projects [omitted]
[info] i  Using project bendicionallaicos (bendicionallaicos) 
[info] 
=== Hosting Setup
[debug] [2025-01-04T03:15:18.323Z] Checked if tokens are valid: true, expires at: 1735963863633
[debug] [2025-01-04T03:15:18.324Z] Checked if tokens are valid: true, expires at: 1735963863633
[debug] [2025-01-04T03:15:18.324Z] >>> [apiv2][query] GET https://firebase.googleapis.com/v1beta1/projects/bendicionallaicos [none]
[debug] [2025-01-04T03:15:18.609Z] <<< [apiv2][status] GET https://firebase.googleapis.com/v1beta1/projects/bendicionallaicos 200
[debug] [2025-01-04T03:15:18.610Z] <<< [apiv2][body] GET https://firebase.googleapis.com/v1beta1/projects/bendicionallaicos {"projectId":"bendicionallaicos","projectNumber":"1083164557245","displayName":"bendicionallaicos","name":"projects/bendicionallaicos","resources":{"hostingSite":"bendicionallaicos"},"state":"ACTIVE","etag":"1_f6108891-d096-4d9f-84f5-355365636842"}
[info] 
[info] Your public directory is the folder (relative to your project directory) that
[info] will contain Hosting assets to be uploaded with firebase deploy. If you
[info] have a build process for your assets, use your build's output directory.
[info] 
[debug] [2025-01-04T03:16:59.185Z] >>> [apiv2][query] GET https://www.gstatic.com/firebasejs/releases.json [none]
[debug] [2025-01-04T03:16:59.372Z] <<< [apiv2][status] GET https://www.gstatic.com/firebasejs/releases.json 200
[debug] [2025-01-04T03:16:59.372Z] <<< [apiv2][body] GET https://www.gstatic.com/firebasejs/releases.json {"current":{"version":"11.1.0","browserURL":"https://www.gstatic.com/firebasejs/11.1.0/firebase.js","packageURL":"https://www.gstatic.com/firebasejs/11.1.0/firebase.tgz"},"live":{"version":"11.1","browserURL":"https://www.gstatic.com/firebasejs/live/11.1/firebase.js","packageURL":"https://www.gstatic.com/firebasejs/live/11.1/firebase.tgz"},"components":{"analytics":"https://www.gstatic.com/firebasejs/11.1.0/firebase-analytics.js","app":"https://www.gstatic.com/firebasejs/11.1.0/firebase-app.js","app-check":"https://www.gstatic.com/firebasejs/11.1.0/firebase-app-check.js","auth":"https://www.gstatic.com/firebasejs/11.1.0/firebase-auth.js","auth/cordova":"https://www.gstatic.com/firebasejs/11.1.0/firebase-auth/cordova.js","auth/web-extension":"https://www.gstatic.com/firebasejs/11.1.0/firebase-auth/web-extension.js","functions":"https://www.gstatic.com/firebasejs/11.1.0/firebase-functions.js","firestore":"https://www.gstatic.com/firebasejs/11.1.0/firebase-firestore.js","firestore/lite":"https://www.gstatic.com/firebasejs/11.1.0/firebase-firestore/lite.js","installations":"https://www.gstatic.com/firebasejs/11.1.0/firebase-installations.js","storage":"https://www.gstatic.com/firebasejs/11.1.0/firebase-storage.js","performance":"https://www.gstatic.com/firebasejs/11.1.0/firebase-performance.js","remote-config":"https://www.gstatic.com/firebasejs/11.1.0/firebase-remote-config.js","messaging":"https://www.gstatic.com/firebasejs/11.1.0/firebase-messaging.js","messaging/sw":"https://www.gstatic.com/firebasejs/11.1.0/firebase-messaging/sw.js","database":"https://www.gstatic.com/firebasejs/11.1.0/firebase-database.js","vertexai":"https://www.gstatic.com/firebasejs/11.1.0/firebase-vertexai.js","data-connect":"https://www.gstatic.com/firebasejs/11.1.0/firebase-data-connect.js","firestore.memory":"https://www.gstatic.com/firebasejs/11.1.0/firebase-firestore.memory.js"}}
[info] +  Wrote public/index.html 
[info] 
[info] i  Detected a .git folder at C:\Users\Public\Documents\bendicional 
[info] i  Authorizing with GitHub to upload your service account to a GitHub repository's secrets store. 
[info] 
[info] Visit this URL on this device to log in:
[info] https://github.com/login/oauth/authorize?client_id=89cf50f02ac6aaed3484&state=219186297&redirect_uri=http%3A%2F%2Flocalhost%3A9005&scope=read%3Auser%20repo%20public_repo
[info] 
[info] Waiting for authentication...
